Building DAG of jobs...
Using shell: /data/leuven/345/vsc34512/miniconda3/bin/bash
Provided cores: 1 (use --cores to define parallelism)
Rules claiming more threads will be scaled down.
Job stats:
job           count    min threads    max threads
----------  -------  -------------  -------------
run_fastqc        1              1              1
total             1              1              1

Select jobs to execute...

[Wed Mar 16 22:38:03 2022]
rule run_fastqc:
    input: 000.fastq/TLE66_N.fastq
    output: TLE66_N.fastqc.zip, TLE66_N.fastqc.html
    jobid: 0
    resources: tmpdir=/tmp/ec02670d04

Waiting at most 5 seconds for missing files.
MissingOutputException in line 1 of /lustre1/scratch/345/vsc34512/snakefile_demo/Snakefile:
Job Missing files after 5 seconds:
TLE66_N.fastqc.zip
TLE66_N.fastqc.html
This might be due to filesystem latency. If that is the case, consider to increase the wait time with --latency-wait.
Job id: 0 completed successfully, but some output files are missing. 0
Shutting down, this might take some time.
Exiting because a job execution failed. Look above for error message
Complete log: /lustre1/scratch/345/vsc34512/snakefile_demo/.snakemake/log/2022-03-16T223802.651526.snakemake.log
